2022-03-21T07:22:51+00:00 CRITICAL Uncaught Error: Call to undefined function RadiantthemesAddons\Widgets\busia_navmenu_navbar_menu_choices() in /home/busia.radiantthemes.com/public_html/wp-content/plugins/radiantthemes-addons/widgets/header-nav-menu/class-radiantthemes-header-custom-menu.php:228
Stack trace:
#0 /home/busia.radiantthemes.com/public_html/wp-content/plugins/elementor/includes/base/controls-stack.php(2247): RadiantthemesAddons\Widgets\Radiantthemes_Header_Custom_Menu->_register_controls()
#1 /home/busia.radiantthemes.com/public_html/wp-content/plugins/elementor/includes/base/controls-stack.php(494): Elementor\Controls_Stack->init_controls()
#2 /home/busia.radiantthemes.com/public_html/wp-content/plugins/elementor/includes/base/widget-base.php(175): Elementor\Controls_Stack->get_stack()
#3 /home/busia.radiantthemes.com/public_html/wp-content/plugins/elementor/includes/base/controls-stack.php(300): Elementor\Widget_Base->get_stack()
#4 /home/busia.radiantthemes.com/public_html/wp-content/plugins/elementor/includes/base/controls-stack.php(2336): Elementor\Controls_Stack->get_controls()
#5 /home/busia.radiantthemes.com/public_html/wp-content/plugins/elementor/includes/base/controls-stack.php(1095): Elementor\Controls_Stack->sanitize_settings()
#6 /home/busia.radiantthemes.com/public_html/wp-content/plugins/elementor/includes/base/controls-stack.php(2083): Elementor\Controls_Stack->get_data()
#7 /home/busia.radiantthemes.com/public_html/wp-content/plugins/elementor/core/base/base-object.php(142): Elementor\Controls_Stack->get_init_settings()
#8 /home/busia.radiantthemes.com/public_html/wp-content/plugins/elementor/core/base/base-object.php(40): Elementor\Core\Base\Base_Object->ensure_settings()
#9 /home/busia.radiantthemes.com/public_html/wp-content/plugins/elementor/core/files/css/post.php(296): Elementor\Core\Base\Base_Object->get_settings()
#10 /home/busia.radiantthemes.com/public_html/wp-content/plugins/elementor/core/files/css/post.php(226): Elementor\Core\Files\CSS\Post->render_styles()
#11 /home/busia.radiantthemes.com/public_html/wp-content/plugins/elementor/core/files/css/post.php(298): Elementor\Core\Files\CSS\Post->add_controls_stack_style_rules()
#12 /home/busia.radiantthemes.com/public_html/wp-content/plugins/elementor/core/files/css/post.php(226): Elementor\Core\Files\CSS\Post->render_styles()
#13 /home/busia.radiantthemes.com/public_html/wp-content/plugins/elementor/core/files/css/post.php(298): Elementor\Core\Files\CSS\Post->add_controls_stack_style_rules()
#14 /home/busia.radiantthemes.com/public_html/wp-content/plugins/elementor/core/files/css/post.php(178): Elementor\Core\Files\CSS\Post->render_styles()
#15 /home/busia.radiantthemes.com/public_html/wp-content/plugins/elementor/core/files/css/base.php(632): Elementor\Core\Files\CSS\Post->render_css()
#16 /home/busia.radiantthemes.com/public_html/wp-content/plugins/elementor/core/files/base.php(155): Elementor\Core\Files\CSS\Base->parse_content()
#17 /home/busia.radiantthemes.com/public_html/wp-content/plugins/elementor/core/files/css/base.php(278): Elementor\Core\Files\Base->get_content()
#18 /home/busia.radiantthemes.com/public_html/wp-content/plugins/elementor/includes/frontend.php(1089): Elementor\Core\Files\CSS\Base->print_css()
#19 /home/busia.radiantthemes.com/public_html/wp-content/plugins/elementor/includes/frontend.php(1160): Elementor\Frontend->get_builder_content()
#20 /home/busia.radiantthemes.com/public_html/wp-content/themes/bizicorp/functions.php(2090): Elementor\Frontend->get_builder_content_for_display()
#21 /home/busia.radiantthemes.com/public_html/wp-content/themes/bizicorp/header.php(41): bizicorp_website_layout()
#22 /home/busia.radiantthemes.com/public_html/wp-includes/template.php(770): require_once('...')
#23 /home/busia.radiantthemes.com/public_html/wp-includes/template.php(716): load_template()
#24 /home/busia.radiantthemes.com/public_html/wp-includes/general-template.php(48): locate_template()
#25 /home/busia.radiantthemes.com/public_html/wp-content/plugins/elementor/modules/page-templates/templates/header-footer.php(9): get_header()
#26 /home/busia.radiantthemes.com/public_html/wp-includes/template-loader.php(106): include('...')
#27 /home/busia.radiantthemes.com/public_html/wp-blog-header.php(19): require_once('...')
#28 /home/busia.radiantthemes.com/public_html/index.php(17): require('...')
#29 {main}
  thrown in /home/busia.radiantthemes.com/public_html/wp-content/plugins/radiantthemes-addons/widgets/header-nav-menu/class-radiantthemes-header-custom-menu.php on line 228

2022-03-21T07:22:57+00:00 CRITICAL Uncaught Error: Call to undefined function RadiantthemesAddons\Widgets\busia_navmenu_navbar_menu_choices() in /home/busia.radiantthemes.com/public_html/wp-content/plugins/radiantthemes-addons/widgets/header-nav-menu/class-radiantthemes-header-custom-menu.php:228
Stack trace:
#0 /home/busia.radiantthemes.com/public_html/wp-content/plugins/elementor/includes/base/controls-stack.php(2247): RadiantthemesAddons\Widgets\Radiantthemes_Header_Custom_Menu->_register_controls()
#1 /home/busia.radiantthemes.com/public_html/wp-content/plugins/elementor/includes/base/controls-stack.php(494): Elementor\Controls_Stack->init_controls()
#2 /home/busia.radiantthemes.com/public_html/wp-content/plugins/elementor/includes/base/widget-base.php(175): Elementor\Controls_Stack->get_stack()
#3 /home/busia.radiantthemes.com/public_html/wp-content/plugins/elementor/includes/base/controls-stack.php(300): Elementor\Widget_Base->get_stack()
#4 /home/busia.radiantthemes.com/public_html/wp-content/plugins/elementor/includes/base/controls-stack.php(2336): Elementor\Controls_Stack->get_controls()
#5 /home/busia.radiantthemes.com/public_html/wp-content/plugins/elementor/includes/base/controls-stack.php(1095): Elementor\Controls_Stack->sanitize_settings()
#6 /home/busia.radiantthemes.com/public_html/wp-content/plugins/elementor/includes/base/controls-stack.php(2083): Elementor\Controls_Stack->get_data()
#7 /home/busia.radiantthemes.com/public_html/wp-content/plugins/elementor/core/base/base-object.php(142): Elementor\Controls_Stack->get_init_settings()
#8 /home/busia.radiantthemes.com/public_html/wp-content/plugins/elementor/core/base/base-object.php(40): Elementor\Core\Base\Base_Object->ensure_settings()
#9 /home/busia.radiantthemes.com/public_html/wp-content/plugins/elementor/includes/base/widget-base.php(923): Elementor\Core\Base\Base_Object->get_settings()
#10 /home/busia.radiantthemes.com/public_html/wp-content/plugins/elementor/includes/base/widget-base.php(937): Elementor\Widget_Base->get_current_skin_id()
#11 /home/busia.radiantthemes.com/public_html/wp-content/plugins/elementor/includes/base/widget-base.php(604): Elementor\Widget_Base->get_current_skin()
#12 /home/busia.radiantthemes.com/public_html/wp-content/plugins/elementor/includes/base/widget-base.php(750): Elementor\Widget_Base->render_content()
#13 /home/busia.radiantthemes.com/public_html/wp-content/plugins/elementor/includes/base/element-base.php(447): Elementor\Widget_Base->print_content()
#14 /home/busia.radiantthemes.com/public_html/wp-content/plugins/elementor/includes/base/element-base.php(741): Elementor\Element_Base->print_element()
#15 /home/busia.radiantthemes.com/public_html/wp-content/plugins/elementor/includes/base/element-base.php(447): Elementor\Element_Base->print_content()
#16 /home/busia.radiantthemes.com/public_html/wp-content/plugins/elementor/includes/base/element-base.php(741): Elementor\Element_Base->print_element()
#17 /home/busia.radiantthemes.com/public_html/wp-content/plugins/elementor/includes/base/element-base.php(447): Elementor\Element_Base->print_content()
#18 /home/busia.radiantthemes.com/public_html/wp-content/plugins/elementor/core/base/document.php(1529): Elementor\Element_Base->print_element()
#19 /home/busia.radiantthemes.com/public_html/wp-content/plugins/elementor/core/base/document.php(1002): Elementor\Core\Base\Document->print_elements()
#20 /home/busia.radiantthemes.com/public_html/wp-content/plugins/elementor/includes/frontend.php(1092): Elementor\Core\Base\Document->print_elements_with_wrapper()
#21 /home/busia.radiantthemes.com/public_html/wp-content/plugins/elementor/includes/frontend.php(1160): Elementor\Frontend->get_builder_content()
#22 /home/busia.radiantthemes.com/public_html/wp-content/themes/bizicorp/functions.php(2090): Elementor\Frontend->get_builder_content_for_display()
#23 /home/busia.radiantthemes.com/public_html/wp-content/themes/bizicorp/header.php(41): bizicorp_website_layout()
#24 /home/busia.radiantthemes.com/public_html/wp-includes/template.php(770): require_once('...')
#25 /home/busia.radiantthemes.com/public_html/wp-includes/template.php(716): load_template()
#26 /home/busia.radiantthemes.com/public_html/wp-includes/general-template.php(48): locate_template()
#27 /home/busia.radiantthemes.com/public_html/wp-content/plugins/elementor/modules/page-templates/templates/header-footer.php(9): get_header()
#28 /home/busia.radiantthemes.com/public_html/wp-includes/template-loader.php(106): include('...')
#29 /home/busia.radiantthemes.com/public_html/wp-blog-header.php(19): require_once('...')
#30 /home/busia.radiantthemes.com/public_html/index.php(17): require('...')
#31 {main}
  thrown in /home/busia.radiantthemes.com/public_html/wp-content/plugins/radiantthemes-addons/widgets/header-nav-menu/class-radiantthemes-header-custom-menu.php on line 228

2022-03-21T07:23:09+00:00 CRITICAL Uncaught Error: Call to undefined function RadiantthemesAddons\Widgets\busia_navmenu_navbar_menu_choices() in /home/busia.radiantthemes.com/public_html/wp-content/plugins/radiantthemes-addons/widgets/header-nav-menu/class-radiantthemes-header-custom-menu.php:228
Stack trace:
#0 /home/busia.radiantthemes.com/public_html/wp-content/plugins/elementor/includes/base/controls-stack.php(2247): RadiantthemesAddons\Widgets\Radiantthemes_Header_Custom_Menu->_register_controls()
#1 /home/busia.radiantthemes.com/public_html/wp-content/plugins/elementor/includes/base/controls-stack.php(494): Elementor\Controls_Stack->init_controls()
#2 /home/busia.radiantthemes.com/public_html/wp-content/plugins/elementor/includes/base/widget-base.php(175): Elementor\Controls_Stack->get_stack()
#3 /home/busia.radiantthemes.com/public_html/wp-content/plugins/elementor/includes/base/controls-stack.php(300): Elementor\Widget_Base->get_stack()
#4 /home/busia.radiantthemes.com/public_html/wp-content/plugins/elementor/includes/base/controls-stack.php(2336): Elementor\Controls_Stack->get_controls()
#5 /home/busia.radiantthemes.com/public_html/wp-content/plugins/elementor/includes/base/controls-stack.php(1095): Elementor\Controls_Stack->sanitize_settings()
#6 /home/busia.radiantthemes.com/public_html/wp-content/plugins/elementor/includes/base/controls-stack.php(2083): Elementor\Controls_Stack->get_data()
#7 /home/busia.radiantthemes.com/public_html/wp-content/plugins/elementor/core/base/base-object.php(142): Elementor\Controls_Stack->get_init_settings()
#8 /home/busia.radiantthemes.com/public_html/wp-content/plugins/elementor/core/base/base-object.php(40): Elementor\Core\Base\Base_Object->ensure_settings()
#9 /home/busia.radiantthemes.com/public_html/wp-content/plugins/elementor/core/files/css/post.php(296): Elementor\Core\Base\Base_Object->get_settings()
#10 /home/busia.radiantthemes.com/public_html/wp-content/plugins/elementor/core/files/css/post.php(226): Elementor\Core\Files\CSS\Post->render_styles()
#11 /home/busia.radiantthemes.com/public_html/wp-content/plugins/elementor/core/files/css/post.php(298): Elementor\Core\Files\CSS\Post->add_controls_stack_style_rules()
#12 /home/busia.radiantthemes.com/public_html/wp-content/plugins/elementor/core/files/css/post.php(226): Elementor\Core\Files\CSS\Post->render_styles()
#13 /home/busia.radiantthemes.com/public_html/wp-content/plugins/elementor/core/files/css/post.php(298): Elementor\Core\Files\CSS\Post->add_controls_stack_style_rules()
#14 /home/busia.radiantthemes.com/public_html/wp-content/plugins/elementor/core/files/css/post.php(178): Elementor\Core\Files\CSS\Post->render_styles()
#15 /home/busia.radiantthemes.com/public_html/wp-content/plugins/elementor/core/files/css/base.php(632): Elementor\Core\Files\CSS\Post->render_css()
#16 /home/busia.radiantthemes.com/public_html/wp-content/plugins/elementor/core/files/base.php(155): Elementor\Core\Files\CSS\Base->parse_content()
#17 /home/busia.radiantthemes.com/public_html/wp-content/plugins/elementor/core/files/css/base.php(278): Elementor\Core\Files\Base->get_content()
#18 /home/busia.radiantthemes.com/public_html/wp-content/plugins/elementor/includes/frontend.php(1089): Elementor\Core\Files\CSS\Base->print_css()
#19 /home/busia.radiantthemes.com/public_html/wp-content/plugins/elementor/includes/frontend.php(1160): Elementor\Frontend->get_builder_content()
#20 /home/busia.radiantthemes.com/public_html/wp-content/themes/bizicorp/functions.php(2090): Elementor\Frontend->get_builder_content_for_display()
#21 /home/busia.radiantthemes.com/public_html/wp-content/themes/bizicorp/header.php(41): bizicorp_website_layout()
#22 /home/busia.radiantthemes.com/public_html/wp-includes/template.php(770): require_once('...')
#23 /home/busia.radiantthemes.com/public_html/wp-includes/template.php(716): load_template()
#24 /home/busia.radiantthemes.com/public_html/wp-includes/general-template.php(48): locate_template()
#25 /home/busia.radiantthemes.com/public_html/wp-content/plugins/elementor/modules/page-templates/templates/header-footer.php(9): get_header()
#26 /home/busia.radiantthemes.com/public_html/wp-includes/template-loader.php(106): include('...')
#27 /home/busia.radiantthemes.com/public_html/wp-blog-header.php(19): require_once('...')
#28 /home/busia.radiantthemes.com/public_html/index.php(17): require('...')
#29 {main}
  thrown in /home/busia.radiantthemes.com/public_html/wp-content/plugins/radiantthemes-addons/widgets/header-nav-menu/class-radiantthemes-header-custom-menu.php on line 228

2022-03-21T07:23:32+00:00 CRITICAL Uncaught Error: Call to undefined function RadiantthemesAddons\Widgets\busia_navmenu_navbar_menu_choices() in /home/busia.radiantthemes.com/public_html/wp-content/plugins/radiantthemes-addons/widgets/header-nav-menu/class-radiantthemes-header-custom-menu.php:228
Stack trace:
#0 /home/busia.radiantthemes.com/public_html/wp-content/plugins/elementor/includes/base/controls-stack.php(2247): RadiantthemesAddons\Widgets\Radiantthemes_Header_Custom_Menu->_register_controls()
#1 /home/busia.radiantthemes.com/public_html/wp-content/plugins/elementor/includes/base/controls-stack.php(494): Elementor\Controls_Stack->init_controls()
#2 /home/busia.radiantthemes.com/public_html/wp-content/plugins/elementor/includes/base/widget-base.php(175): Elementor\Controls_Stack->get_stack()
#3 /home/busia.radiantthemes.com/public_html/wp-content/plugins/elementor/includes/base/controls-stack.php(300): Elementor\Widget_Base->get_stack()
#4 /home/busia.radiantthemes.com/public_html/wp-content/plugins/elementor/includes/base/controls-stack.php(2336): Elementor\Controls_Stack->get_controls()
#5 /home/busia.radiantthemes.com/public_html/wp-content/plugins/elementor/includes/base/controls-stack.php(1095): Elementor\Controls_Stack->sanitize_settings()
#6 /home/busia.radiantthemes.com/public_html/wp-content/plugins/elementor/includes/base/controls-stack.php(2083): Elementor\Controls_Stack->get_data()
#7 /home/busia.radiantthemes.com/public_html/wp-content/plugins/elementor/core/base/base-object.php(142): Elementor\Controls_Stack->get_init_settings()
#8 /home/busia.radiantthemes.com/public_html/wp-content/plugins/elementor/core/base/base-object.php(40): Elementor\Core\Base\Base_Object->ensure_settings()
#9 /home/busia.radiantthemes.com/public_html/wp-content/plugins/elementor/includes/base/widget-base.php(923): Elementor\Core\Base\Base_Object->get_settings()
#10 /home/busia.radiantthemes.com/public_html/wp-content/plugins/elementor/includes/base/widget-base.php(937): Elementor\Widget_Base->get_current_skin_id()
#11 /home/busia.radiantthemes.com/public_html/wp-content/plugins/elementor/includes/base/widget-base.php(604): Elementor\Widget_Base->get_current_skin()
#12 /home/busia.radiantthemes.com/public_html/wp-content/plugins/elementor/includes/base/widget-base.php(750): Elementor\Widget_Base->render_content()
#13 /home/busia.radiantthemes.com/public_html/wp-content/plugins/elementor/includes/base/element-base.php(447): Elementor\Widget_Base->print_content()
#14 /home/busia.radiantthemes.com/public_html/wp-content/plugins/elementor/includes/base/element-base.php(741): Elementor\Element_Base->print_element()
#15 /home/busia.radiantthemes.com/public_html/wp-content/plugins/elementor/includes/base/element-base.php(447): Elementor\Element_Base->print_content()
#16 /home/busia.radiantthemes.com/public_html/wp-content/plugins/elementor/includes/base/element-base.php(741): Elementor\Element_Base->print_element()
#17 /home/busia.radiantthemes.com/public_html/wp-content/plugins/elementor/includes/base/element-base.php(447): Elementor\Element_Base->print_content()
#18 /home/busia.radiantthemes.com/public_html/wp-content/plugins/elementor/core/base/document.php(1529): Elementor\Element_Base->print_element()
#19 /home/busia.radiantthemes.com/public_html/wp-content/plugins/elementor/core/base/document.php(1002): Elementor\Core\Base\Document->print_elements()
#20 /home/busia.radiantthemes.com/public_html/wp-content/plugins/elementor/includes/frontend.php(1092): Elementor\Core\Base\Document->print_elements_with_wrapper()
#21 /home/busia.radiantthemes.com/public_html/wp-content/plugins/elementor/includes/frontend.php(1160): Elementor\Frontend->get_builder_content()
#22 /home/busia.radiantthemes.com/public_html/wp-content/themes/bizicorp/functions.php(2090): Elementor\Frontend->get_builder_content_for_display()
#23 /home/busia.radiantthemes.com/public_html/wp-content/themes/bizicorp/header.php(41): bizicorp_website_layout()
#24 /home/busia.radiantthemes.com/public_html/wp-includes/template.php(770): require_once('...')
#25 /home/busia.radiantthemes.com/public_html/wp-includes/template.php(716): load_template()
#26 /home/busia.radiantthemes.com/public_html/wp-includes/general-template.php(48): locate_template()
#27 /home/busia.radiantthemes.com/public_html/wp-content/plugins/elementor/modules/page-templates/templates/header-footer.php(9): get_header()
#28 /home/busia.radiantthemes.com/public_html/wp-includes/template-loader.php(106): include('...')
#29 /home/busia.radiantthemes.com/public_html/wp-blog-header.php(19): require_once('...')
#30 /home/busia.radiantthemes.com/public_html/index.php(17): require('...')
#31 {main}
  thrown in /home/busia.radiantthemes.com/public_html/wp-content/plugins/radiantthemes-addons/widgets/header-nav-menu/class-radiantthemes-header-custom-menu.php on line 228

2022-03-21T07:24:09+00:00 CRITICAL Uncaught Error: Call to undefined function RadiantthemesAddons\Widgets\busia_navmenu_navbar_menu_choices() in /home/busia.radiantthemes.com/public_html/wp-content/plugins/radiantthemes-addons/widgets/header-nav-menu/class-radiantthemes-header-custom-menu.php:228
Stack trace:
#0 /home/busia.radiantthemes.com/public_html/wp-content/plugins/elementor/includes/base/controls-stack.php(2247): RadiantthemesAddons\Widgets\Radiantthemes_Header_Custom_Menu->_register_controls()
#1 /home/busia.radiantthemes.com/public_html/wp-content/plugins/elementor/includes/base/controls-stack.php(494): Elementor\Controls_Stack->init_controls()
#2 /home/busia.radiantthemes.com/public_html/wp-content/plugins/elementor/includes/base/widget-base.php(175): Elementor\Controls_Stack->get_stack()
#3 /home/busia.radiantthemes.com/public_html/wp-content/plugins/elementor/includes/base/controls-stack.php(300): Elementor\Widget_Base->get_stack()
#4 /home/busia.radiantthemes.com/public_html/wp-content/plugins/elementor/includes/base/controls-stack.php(2336): Elementor\Controls_Stack->get_controls()
#5 /home/busia.radiantthemes.com/public_html/wp-content/plugins/elementor/includes/base/controls-stack.php(1095): Elementor\Controls_Stack->sanitize_settings()
#6 /home/busia.radiantthemes.com/public_html/wp-content/plugins/elementor/includes/base/controls-stack.php(2083): Elementor\Controls_Stack->get_data()
#7 /home/busia.radiantthemes.com/public_html/wp-content/plugins/elementor/core/base/base-object.php(142): Elementor\Controls_Stack->get_init_settings()
#8 /home/busia.radiantthemes.com/public_html/wp-content/plugins/elementor/core/base/base-object.php(40): Elementor\Core\Base\Base_Object->ensure_settings()
#9 /home/busia.radiantthemes.com/public_html/wp-content/plugins/elementor/includes/base/widget-base.php(923): Elementor\Core\Base\Base_Object->get_settings()
#10 /home/busia.radiantthemes.com/public_html/wp-content/plugins/elementor/includes/base/widget-base.php(937): Elementor\Widget_Base->get_current_skin_id()
#11 /home/busia.radiantthemes.com/public_html/wp-content/plugins/elementor/includes/base/widget-base.php(604): Elementor\Widget_Base->get_current_skin()
#12 /home/busia.radiantthemes.com/public_html/wp-content/plugins/elementor/includes/base/widget-base.php(750): Elementor\Widget_Base->render_content()
#13 /home/busia.radiantthemes.com/public_html/wp-content/plugins/elementor/includes/base/element-base.php(447): Elementor\Widget_Base->print_content()
#14 /home/busia.radiantthemes.com/public_html/wp-content/plugins/elementor/includes/base/element-base.php(741): Elementor\Element_Base->print_element()
#15 /home/busia.radiantthemes.com/public_html/wp-content/plugins/elementor/includes/base/element-base.php(447): Elementor\Element_Base->print_content()
#16 /home/busia.radiantthemes.com/public_html/wp-content/plugins/elementor/includes/base/element-base.php(741): Elementor\Element_Base->print_element()
#17 /home/busia.radiantthemes.com/public_html/wp-content/plugins/elementor/includes/base/element-base.php(447): Elementor\Element_Base->print_content()
#18 /home/busia.radiantthemes.com/public_html/wp-content/plugins/elementor/core/base/document.php(1529): Elementor\Element_Base->print_element()
#19 /home/busia.radiantthemes.com/public_html/wp-content/plugins/elementor/core/base/document.php(1002): Elementor\Core\Base\Document->print_elements()
#20 /home/busia.radiantthemes.com/public_html/wp-content/plugins/elementor/includes/frontend.php(1092): Elementor\Core\Base\Document->print_elements_with_wrapper()
#21 /home/busia.radiantthemes.com/public_html/wp-content/plugins/elementor/includes/frontend.php(1160): Elementor\Frontend->get_builder_content()
#22 /home/busia.radiantthemes.com/public_html/wp-content/themes/bizicorp/functions.php(2090): Elementor\Frontend->get_builder_content_for_display()
#23 /home/busia.radiantthemes.com/public_html/wp-content/themes/bizicorp/header.php(41): bizicorp_website_layout()
#24 /home/busia.radiantthemes.com/public_html/wp-includes/template.php(770): require_once('...')
#25 /home/busia.radiantthemes.com/public_html/wp-includes/template.php(716): load_template()
#26 /home/busia.radiantthemes.com/public_html/wp-includes/general-template.php(48): locate_template()
#27 /home/busia.radiantthemes.com/public_html/wp-content/plugins/elementor/modules/page-templates/templates/header-footer.php(9): get_header()
#28 /home/busia.radiantthemes.com/public_html/wp-includes/template-loader.php(106): include('...')
#29 /home/busia.radiantthemes.com/public_html/wp-blog-header.php(19): require_once('...')
#30 /home/busia.radiantthemes.com/public_html/index.php(17): require('...')
#31 {main}
  thrown in /home/busia.radiantthemes.com/public_html/wp-content/plugins/radiantthemes-addons/widgets/header-nav-menu/class-radiantthemes-header-custom-menu.php on line 228

2022-03-21T07:24:29+00:00 CRITICAL Uncaught Error: Call to undefined function RadiantthemesAddons\Widgets\busia_navmenu_navbar_menu_choices() in /home/busia.radiantthemes.com/public_html/wp-content/plugins/radiantthemes-addons/widgets/header-nav-menu/class-radiantthemes-header-custom-menu.php:228
Stack trace:
#0 /home/busia.radiantthemes.com/public_html/wp-content/plugins/elementor/includes/base/controls-stack.php(2247): RadiantthemesAddons\Widgets\Radiantthemes_Header_Custom_Menu->_register_controls()
#1 /home/busia.radiantthemes.com/public_html/wp-content/plugins/elementor/includes/base/controls-stack.php(494): Elementor\Controls_Stack->init_controls()
#2 /home/busia.radiantthemes.com/public_html/wp-content/plugins/elementor/includes/base/widget-base.php(175): Elementor\Controls_Stack->get_stack()
#3 /home/busia.radiantthemes.com/public_html/wp-content/plugins/elementor/includes/base/controls-stack.php(300): Elementor\Widget_Base->get_stack()
#4 /home/busia.radiantthemes.com/public_html/wp-content/plugins/elementor/includes/base/controls-stack.php(2336): Elementor\Controls_Stack->get_controls()
#5 /home/busia.radiantthemes.com/public_html/wp-content/plugins/elementor/includes/base/controls-stack.php(1095): Elementor\Controls_Stack->sanitize_settings()
#6 /home/busia.radiantthemes.com/public_html/wp-content/plugins/elementor/includes/base/controls-stack.php(2083): Elementor\Controls_Stack->get_data()
#7 /home/busia.radiantthemes.com/public_html/wp-content/plugins/elementor/core/base/base-object.php(142): Elementor\Controls_Stack->get_init_settings()
#8 /home/busia.radiantthemes.com/public_html/wp-content/plugins/elementor/core/base/base-object.php(40): Elementor\Core\Base\Base_Object->ensure_settings()
#9 /home/busia.radiantthemes.com/public_html/wp-content/plugins/elementor/includes/base/widget-base.php(923): Elementor\Core\Base\Base_Object->get_settings()
#10 /home/busia.radiantthemes.com/public_html/wp-content/plugins/elementor/includes/base/widget-base.php(937): Elementor\Widget_Base->get_current_skin_id()
#11 /home/busia.radiantthemes.com/public_html/wp-content/plugins/elementor/includes/base/widget-base.php(604): Elementor\Widget_Base->get_current_skin()
#12 /home/busia.radiantthemes.com/public_html/wp-content/plugins/elementor/includes/base/widget-base.php(750): Elementor\Widget_Base->render_content()
#13 /home/busia.radiantthemes.com/public_html/wp-content/plugins/elementor/includes/base/element-base.php(447): Elementor\Widget_Base->print_content()
#14 /home/busia.radiantthemes.com/public_html/wp-content/plugins/elementor/includes/base/element-base.php(741): Elementor\Element_Base->print_element()
#15 /home/busia.radiantthemes.com/public_html/wp-content/plugins/elementor/includes/base/element-base.php(447): Elementor\Element_Base->print_content()
#16 /home/busia.radiantthemes.com/public_html/wp-content/plugins/elementor/includes/base/element-base.php(741): Elementor\Element_Base->print_element()
#17 /home/busia.radiantthemes.com/public_html/wp-content/plugins/elementor/includes/base/element-base.php(447): Elementor\Element_Base->print_content()
#18 /home/busia.radiantthemes.com/public_html/wp-content/plugins/elementor/core/base/document.php(1529): Elementor\Element_Base->print_element()
#19 /home/busia.radiantthemes.com/public_html/wp-content/plugins/elementor/core/base/document.php(1002): Elementor\Core\Base\Document->print_elements()
#20 /home/busia.radiantthemes.com/public_html/wp-content/plugins/elementor/includes/frontend.php(1092): Elementor\Core\Base\Document->print_elements_with_wrapper()
#21 /home/busia.radiantthemes.com/public_html/wp-content/plugins/elementor/includes/frontend.php(1160): Elementor\Frontend->get_builder_content()
#22 /home/busia.radiantthemes.com/public_html/wp-content/themes/bizicorp/functions.php(2090): Elementor\Frontend->get_builder_content_for_display()
#23 /home/busia.radiantthemes.com/public_html/wp-content/themes/bizicorp/header.php(41): bizicorp_website_layout()
#24 /home/busia.radiantthemes.com/public_html/wp-includes/template.php(770): require_once('...')
#25 /home/busia.radiantthemes.com/public_html/wp-includes/template.php(716): load_template()
#26 /home/busia.radiantthemes.com/public_html/wp-includes/general-template.php(48): locate_template()
#27 /home/busia.radiantthemes.com/public_html/wp-content/plugins/elementor/modules/page-templates/templates/header-footer.php(9): get_header()
#28 /home/busia.radiantthemes.com/public_html/wp-includes/template-loader.php(106): include('...')
#29 /home/busia.radiantthemes.com/public_html/wp-blog-header.php(19): require_once('...')
#30 /home/busia.radiantthemes.com/public_html/index.php(17): require('...')
#31 {main}
  thrown in /home/busia.radiantthemes.com/public_html/wp-content/plugins/radiantthemes-addons/widgets/header-nav-menu/class-radiantthemes-header-custom-menu.php on line 228

2022-03-21T08:05:16+00:00 CRITICAL Uncaught Error: Call to undefined function RadiantthemesAddons\Widgets\busia_navmenu_navbar_menu_choices() in /home/busia.radiantthemes.com/public_html/wp-content/plugins/radiantthemes-addons/widgets/header-nav-menu/class-radiantthemes-header-custom-menu.php:228
Stack trace:
#0 /home/busia.radiantthemes.com/public_html/wp-content/plugins/elementor/includes/base/controls-stack.php(2247): RadiantthemesAddons\Widgets\Radiantthemes_Header_Custom_Menu->_register_controls()
#1 /home/busia.radiantthemes.com/public_html/wp-content/plugins/elementor/includes/base/controls-stack.php(494): Elementor\Controls_Stack->init_controls()
#2 /home/busia.radiantthemes.com/public_html/wp-content/plugins/elementor/includes/base/widget-base.php(175): Elementor\Controls_Stack->get_stack()
#3 /home/busia.radiantthemes.com/public_html/wp-content/plugins/elementor/includes/base/controls-stack.php(300): Elementor\Widget_Base->get_stack()
#4 /home/busia.radiantthemes.com/public_html/wp-content/plugins/elementor/includes/base/controls-stack.php(2336): Elementor\Controls_Stack->get_controls()
#5 /home/busia.radiantthemes.com/public_html/wp-content/plugins/elementor/includes/base/controls-stack.php(1095): Elementor\Controls_Stack->sanitize_settings()
#6 /home/busia.radiantthemes.com/public_html/wp-content/plugins/elementor/includes/base/controls-stack.php(2083): Elementor\Controls_Stack->get_data()
#7 /home/busia.radiantthemes.com/public_html/wp-content/plugins/elementor/core/base/base-object.php(142): Elementor\Controls_Stack->get_init_settings()
#8 /home/busia.radiantthemes.com/public_html/wp-content/plugins/elementor/core/base/base-object.php(40): Elementor\Core\Base\Base_Object->ensure_settings()
#9 /home/busia.radiantthemes.com/public_html/wp-content/plugins/elementor/core/files/css/post.php(296): Elementor\Core\Base\Base_Object->get_settings()
#10 /home/busia.radiantthemes.com/public_html/wp-content/plugins/elementor/core/files/css/post.php(226): Elementor\Core\Files\CSS\Post->render_styles()
#11 /home/busia.radiantthemes.com/public_html/wp-content/plugins/elementor/core/files/css/post.php(298): Elementor\Core\Files\CSS\Post->add_controls_stack_style_rules()
#12 /home/busia.radiantthemes.com/public_html/wp-content/plugins/elementor/core/files/css/post.php(226): Elementor\Core\Files\CSS\Post->render_styles()
#13 /home/busia.radiantthemes.com/public_html/wp-content/plugins/elementor/core/files/css/post.php(298): Elementor\Core\Files\CSS\Post->add_controls_stack_style_rules()
#14 /home/busia.radiantthemes.com/public_html/wp-content/plugins/elementor/core/files/css/post.php(178): Elementor\Core\Files\CSS\Post->render_styles()
#15 /home/busia.radiantthemes.com/public_html/wp-content/plugins/elementor/core/files/css/base.php(632): Elementor\Core\Files\CSS\Post->render_css()
#16 /home/busia.radiantthemes.com/public_html/wp-content/plugins/elementor/core/files/base.php(155): Elementor\Core\Files\CSS\Base->parse_content()
#17 /home/busia.radiantthemes.com/public_html/wp-content/plugins/elementor/core/files/css/base.php(278): Elementor\Core\Files\Base->get_content()
#18 /home/busia.radiantthemes.com/public_html/wp-content/plugins/elementor/includes/frontend.php(1089): Elementor\Core\Files\CSS\Base->print_css()
#19 /home/busia.radiantthemes.com/public_html/wp-content/plugins/elementor/includes/frontend.php(1160): Elementor\Frontend->get_builder_content()
#20 /home/busia.radiantthemes.com/public_html/wp-content/themes/bizicorp/functions.php(2008): Elementor\Frontend->get_builder_content_for_display()
#21 /home/busia.radiantthemes.com/public_html/wp-content/themes/bizicorp/header.php(41): bizicorp_website_layout()
#22 /home/busia.radiantthemes.com/public_html/wp-includes/template.php(770): require_once('...')
#23 /home/busia.radiantthemes.com/public_html/wp-includes/template.php(716): load_template()
#24 /home/busia.radiantthemes.com/public_html/wp-includes/general-template.php(48): locate_template()
#25 /home/busia.radiantthemes.com/public_html/wp-content/themes/bizicorp/woocommerce/archive-product.php(16): get_header()
#26 /home/busia.radiantthemes.com/public_html/wp-includes/template-loader.php(106): include('...')
#27 /home/busia.radiantthemes.com/public_html/wp-blog-header.php(19): require_once('...')
#28 /home/busia.radiantthemes.com/public_html/index.php(17): require('...')
#29 {main}
  thrown in /home/busia.radiantthemes.com/public_html/wp-content/plugins/radiantthemes-addons/widgets/header-nav-menu/class-radiantthemes-header-custom-menu.php on line 228

2022-03-21T08:06:21+00:00 CRITICAL Uncaught Error: Call to undefined function RadiantthemesAddons\Widgets\busia_navmenu_navbar_menu_choices() in /home/busia.radiantthemes.com/public_html/wp-content/plugins/radiantthemes-addons/widgets/header-nav-menu/class-radiantthemes-header-custom-menu.php:228
Stack trace:
#0 /home/busia.radiantthemes.com/public_html/wp-content/plugins/elementor/includes/base/controls-stack.php(2247): RadiantthemesAddons\Widgets\Radiantthemes_Header_Custom_Menu->_register_controls()
#1 /home/busia.radiantthemes.com/public_html/wp-content/plugins/elementor/includes/base/controls-stack.php(494): Elementor\Controls_Stack->init_controls()
#2 /home/busia.radiantthemes.com/public_html/wp-content/plugins/elementor/includes/base/widget-base.php(175): Elementor\Controls_Stack->get_stack()
#3 /home/busia.radiantthemes.com/public_html/wp-content/plugins/elementor/includes/base/controls-stack.php(300): Elementor\Widget_Base->get_stack()
#4 /home/busia.radiantthemes.com/public_html/wp-content/plugins/elementor/includes/base/controls-stack.php(2336): Elementor\Controls_Stack->get_controls()
#5 /home/busia.radiantthemes.com/public_html/wp-content/plugins/elementor/includes/base/controls-stack.php(1095): Elementor\Controls_Stack->sanitize_settings()
#6 /home/busia.radiantthemes.com/public_html/wp-content/plugins/elementor/includes/base/controls-stack.php(2083): Elementor\Controls_Stack->get_data()
#7 /home/busia.radiantthemes.com/public_html/wp-content/plugins/elementor/core/base/base-object.php(142): Elementor\Controls_Stack->get_init_settings()
#8 /home/busia.radiantthemes.com/public_html/wp-content/plugins/elementor/core/base/base-object.php(40): Elementor\Core\Base\Base_Object->ensure_settings()
#9 /home/busia.radiantthemes.com/public_html/wp-content/plugins/elementor/core/files/css/post.php(296): Elementor\Core\Base\Base_Object->get_settings()
#10 /home/busia.radiantthemes.com/public_html/wp-content/plugins/elementor/core/files/css/post.php(226): Elementor\Core\Files\CSS\Post->render_styles()
#11 /home/busia.radiantthemes.com/public_html/wp-content/plugins/elementor/core/files/css/post.php(298): Elementor\Core\Files\CSS\Post->add_controls_stack_style_rules()
#12 /home/busia.radiantthemes.com/public_html/wp-content/plugins/elementor/core/files/css/post.php(226): Elementor\Core\Files\CSS\Post->render_styles()
#13 /home/busia.radiantthemes.com/public_html/wp-content/plugins/elementor/core/files/css/post.php(298): Elementor\Core\Files\CSS\Post->add_controls_stack_style_rules()
#14 /home/busia.radiantthemes.com/public_html/wp-content/plugins/elementor/core/files/css/post.php(178): Elementor\Core\Files\CSS\Post->render_styles()
#15 /home/busia.radiantthemes.com/public_html/wp-content/plugins/elementor/core/files/css/base.php(632): Elementor\Core\Files\CSS\Post->render_css()
#16 /home/busia.radiantthemes.com/public_html/wp-content/plugins/elementor/core/files/base.php(155): Elementor\Core\Files\CSS\Base->parse_content()
#17 /home/busia.radiantthemes.com/public_html/wp-content/plugins/elementor/core/files/css/base.php(278): Elementor\Core\Files\Base->get_content()
#18 /home/busia.radiantthemes.com/public_html/wp-content/plugins/elementor/includes/frontend.php(1089): Elementor\Core\Files\CSS\Base->print_css()
#19 /home/busia.radiantthemes.com/public_html/wp-content/plugins/elementor/includes/frontend.php(1160): Elementor\Frontend->get_builder_content()
#20 /home/busia.radiantthemes.com/public_html/wp-content/themes/bizicorp/functions.php(2090): Elementor\Frontend->get_builder_content_for_display()
#21 /home/busia.radiantthemes.com/public_html/wp-content/themes/bizicorp/header.php(41): bizicorp_website_layout()
#22 /home/busia.radiantthemes.com/public_html/wp-includes/template.php(770): require_once('...')
#23 /home/busia.radiantthemes.com/public_html/wp-includes/template.php(716): load_template()
#24 /home/busia.radiantthemes.com/public_html/wp-includes/general-template.php(48): locate_template()
#25 /home/busia.radiantthemes.com/public_html/wp-content/themes/bizicorp/page.php(15): get_header()
#26 /home/busia.radiantthemes.com/public_html/wp-includes/template-loader.php(106): include('...')
#27 /home/busia.radiantthemes.com/public_html/wp-blog-header.php(19): require_once('...')
#28 /home/busia.radiantthemes.com/public_html/index.php(17): require('...')
#29 {main}
  thrown in /home/busia.radiantthemes.com/public_html/wp-content/plugins/radiantthemes-addons/widgets/header-nav-menu/class-radiantthemes-header-custom-menu.php on line 228

